<?xml version="1.0" encoding="UTF-8"?>
<!-- Generated by org.testng.reporters.JUnitReportReporter -->
<testsuite hostname="LAPTOP-1826LOER" failures="0" tests="5" name="com.acti.testcase.LoginPageTests" time="46.088" errors="0" timestamp="2023-04-28T07:57:19 IST" skipped="0">
  <testcase classname="com.acti.testcase.LoginPageTests" name="testForgotPasswordDisplayed" time="6.388"/>
  <system-out/>
  <testcase classname="com.acti.testcase.LoginPageTests" name="testLoginFunction" time="11.217"/>
  <system-out/>
  <testcase classname="com.acti.testcase.LoginPageTests" name="testActiImgDisplayed" time="6.615"/>
  <system-out/>
  <testcase classname="com.acti.testcase.LoginPageTests" name="testLoginPageTitle" time="7.800"/>
  <system-out/>
  <testcase classname="com.acti.testcase.LoginPageTests" name="testLoginInvalidCredientials" time="14.068"/>
  <system-out/>
</testsuite> <!-- com.acti.testcase.LoginPageTests -->
