<?xml version="1.0" encoding="UTF-8"?>
<!-- Generated by org.testng.reporters.JUnitReportReporter -->
<testsuite hostname="LAPTOP-1826LOER" failures="0" tests="6" name="com.acti.testcase.LoginPageTests" time="20.932" errors="0" timestamp="2023-05-02T08:11:06 IST" skipped="4">
  <testcase classname="com.acti.testcase.LoginPageTests" name="testLoginPageTitle" time="8.016"/>
  <system-out/>
  <testcase classname="com.acti.testcase.LoginPageTests" name="initApplication" time="12.916"/>
  <system-out/>
  <testcase classname="com.acti.testcase.LoginPageTests" name="testForgotPasswordDisplayed">
    <skipped/>
  </testcase> <!-- testForgotPasswordDisplayed -->
  <system-out/>
  <testcase classname="com.acti.testcase.LoginPageTests" name="testActiImgDisplayed">
    <skipped/>
  </testcase> <!-- testActiImgDisplayed -->
  <system-out/>
  <testcase classname="com.acti.testcase.LoginPageTests" name="testLoginFunction">
    <skipped/>
  </testcase> <!-- testLoginFunction -->
  <system-out/>
  <testcase classname="com.acti.testcase.LoginPageTests" name="testLoginInvalidCredientials">
    <skipped/>
  </testcase> <!-- testLoginInvalidCredientials -->
  <system-out/>
</testsuite> <!-- com.acti.testcase.LoginPageTests -->
