<?xml version="1.0" encoding="UTF-8"?>
<!-- Generated by org.testng.reporters.JUnitReportReporter -->
<testsuite hostname="LAPTOP-1826LOER" failures="0" tests="1" name="com.acti.base.DriverScript" time="7.711" errors="0" timestamp="2023-04-27T08:09:02 IST" skipped="0">
  <testcase classname="com.acti.base.DriverScript" name="initApplication" time="7.711"/>
  <system-out/>
</testsuite> <!-- com.acti.base.DriverScript -->
