<?xml version="1.0" encoding="UTF-8"?>
<!-- Generated by org.testng.reporters.JUnitReportReporter -->
<testsuite hostname="LAPTOP-1826LOER" failures="0" tests="2" name="com.acti.testcase.TaskPageTests" time="37.587" errors="0" timestamp="03 May 2023 02:20:22 GMT" skipped="0">
  <testcase classname="com.acti.testcase.TaskPageTests" name="testCreateCustomer" time="16.068"/>
  <testcase classname="com.acti.testcase.TaskPageTests" name="testDeleteCustomer" time="21.519"/>
</testsuite> <!-- com.acti.testcase.TaskPageTests -->
